proguard/mapping.txt
com.squareup.okhttp.internal.DiskLruCache$2 -> com.a.a.a.e:
    void write(int) -> write
com.squareup.okhttp.internal.DiskLruCache$Editor -> com.a.a.a.f:
    com.squareup.okhttp.internal.DiskLruCache$Entry entry -> b
    boolean[] written -> c
    boolean hasErrors -> d
    boolean committed -> e
    com.squareup.okhttp.internal.DiskLruCache this$0 -> a
    java.io.OutputStream newOutputStream(int) -> a
    void commit() -> a
    void abort() -> b
    com.squareup.okhttp.internal.DiskLruCache$Entry access$1400(com.squareup.okhttp.internal.DiskLruCache$Editor) -> a
    boolean[] access$1500(com.squareup.okhttp.internal.DiskLruCache$Editor) -> b
    boolean access$2302(com.squareup.okhttp.internal.DiskLruCache$Editor,boolean) -> a
com.squareup.okhttp.internal.DiskLruCache$Editor$FaultHidingOutputStream -> com.a.a.a.g:
    com.squareup.okhttp.internal.DiskLruCache$Editor this$1 -> a
    void write(int) -> write
    void write(byte[],int,int) -> write
    void close() -> close
    void flush() -> flush
com.squareup.okhttp.internal.DiskLruCache$Entry -> com.a.a.a.h:
    java.lang.String key -> b
    long[] lengths -> c
    boolean readable -> d
    com.squareup.okhttp.internal.DiskLruCache$Editor currentEditor -> e
    long sequenceNumber -> f
    com.squareup.okhttp.internal.DiskLruCache this$0 -> a
    java.lang.String getLengths() -> a
    java.io.File getCleanFile(int) -> a
    java.io.File getDirtyFile(int) -> b
    boolean access$602(com.squareup.okhttp.internal.DiskLruCache$Entry,boolean) -> a
    com.squareup.okhttp.internal.DiskLruCache$Editor access$702(com.squareup.okhttp.internal.DiskLruCache$Entry,com.squareup.okhttp.internal.DiskLruCache$Editor) -> a
    com.squareup.okhttp.internal.DiskLruCache$Editor access$700(com.squareup.okhttp.internal.DiskLruCache$Entry) -> a
    long[] access$1000(com.squareup.okhttp.internal.DiskLruCache$Entry) -> b
    java.lang.String access$1100(com.squareup.okhttp.internal.DiskLruCache$Entry) -> c
    boolean access$600(com.squareup.okhttp.internal.DiskLruCache$Entry) -> d
    long access$1200(com.squareup.okhttp.internal.DiskLruCache$Entry) -> e
    long access$1202(com.squareup.okhttp.internal.DiskLruCache$Entry,long) -> a
com.squareup.okhttp.internal.DiskLruCache$Snapshot -> com.a.a.a.i:
    java.lang.String key -> b
    long sequenceNumber -> c
    java.io.InputStream[] ins -> d
    long[] lengths -> e
    com.squareup.okhttp.internal.DiskLruCache this$0 -> a
    java.io.InputStream getInputStream(int) -> a
    void close() -> close
com.squareup.okhttp.internal.Dns -> com.a.a.a.j:
    com.squareup.okhttp.internal.Dns DEFAULT -> a
    java.net.InetAddress[] getAllByName(java.lang.String) -> a
com.squareup.okhttp.internal.Dns$1 -> com.a.a.a.k:
    java.net.InetAddress[] getAllByName(java.lang.String) -> a
com.squareup.okhttp.internal.FaultRecoveringOutputStream -> com.a.a.a.l:
    int maxReplayBufferLength -> b
    java.io.ByteArrayOutputStream replayBuffer -> c
    java.io.OutputStream out -> d
    void write(byte[],int,int) -> write
    void flush() -> flush
    void close() -> close
    boolean recover(java.io.IOException) -> b
    boolean isRecoverable() -> c
    void replaceStream(java.io.OutputStream) -> a
    java.io.OutputStream replacementStream(java.io.IOException) -> a
com.squareup.okhttp.internal.NamedRunnable -> com.a.a.a.m:
    java.lang.String name -> a
    void run() -> run
    void execute() -> a