proguard/usage.txt
android.support.v4.widget.SlidingPaneLayout$SimplePanelSlideListener
android.support.v4.widget.ViewDragHelper:
    private static final java.lang.String TAG
    public static final int INVALID_POINTER
    public static final int STATE_IDLE
    public static final int STATE_DRAGGING
    public static final int STATE_SETTLING
    public static final int EDGE_LEFT
    public static final int EDGE_RIGHT
    public static final int EDGE_TOP
    public static final int EDGE_BOTTOM
    public static final int EDGE_ALL
    public static final int DIRECTION_HORIZONTAL
    public static final int DIRECTION_VERTICAL
    public static final int DIRECTION_ALL
    private static final int EDGE_SIZE
    private static final int BASE_SETTLE_DURATION
    private static final int MAX_SETTLE_DURATION
    347:347:public static android.support.v4.widget.ViewDragHelper create(android.view.ViewGroup,android.support.v4.widget.ViewDragHelper$Callback)
    360:362:public static android.support.v4.widget.ViewDragHelper create(android.view.ViewGroup,float,android.support.v4.widget.ViewDragHelper$Callback)
    373:392:private ViewDragHelper(android.content.Context,android.view.ViewGroup,android.support.v4.widget.ViewDragHelper$Callback)
    401:402:public void setMinVelocity(float)
    412:412:public float getMinVelocity()
    437:438:public void setEdgeTrackingEnabled(int)
    483:483:public int getActivePointerId()
    690:701:public void flingCapturedView(int,int,int,int)
    908:927:protected boolean canScroll(android.view.View,boolean,int,int,int,int)
android.support.v4.widget.ViewDragHelper$2
android.support.v4.widget.ViewDragHelper$Callback:
    148:148:public ViewDragHelper$Callback()
com.squareup.okhttp.Address:
    63:63:public int getUriPort()
    79:79:public javax.net.ssl.HostnameVerifier getHostnameVerifier()
com.squareup.okhttp.Connection:
    236:236:public com.squareup.okhttp.internal.spdy.SpdyConnection getSpdyConnection()
com.squareup.okhttp.ConnectionPool:
    private static final int MAX_CONNECTIONS_TO_CLEANUP
    private static final long DEFAULT_KEEP_ALIVE_DURATION_MS
    129:132:java.util.List getConnections()
    141:148:private void waitForCleanupCallableToRun()
    156:156:public synchronized int getConnectionCount()
    161:165:public synchronized int getSpdyConnectionCount()
    170:174:public synchronized int getHttpConnectionCount()
    264:272:public void evictAll()
com.squareup.okhttp.ConnectionPool$2
com.squareup.okhttp.HttpResponseCache:
    private static final int VERSION
    private static final int ENTRY_METADATA
    private static final int ENTRY_BODY
    private static final int ENTRY_COUNT
    private int networkCount
    private int hitCount
    private int requestCount
    170:172:public HttpResponseCache(java.io.File,long)
    276:295:private void update(java.net.CacheResponse,java.net.HttpURLConnection)
    323:324:public void delete()
    327:327:public synchronized int getWriteAbortCount()
    331:331:public synchronized int getWriteSuccessCount()
    335:346:private synchronized void trackResponse(com.squareup.okhttp.ResponseSource)
    349:350:private synchronized void trackConditionalCacheHit()
    353:353:public synchronized int getNetworkCount()
    357:357:public synchronized int getHitCount()
    361:361:public synchronized int getRequestCount()
    121:121:static synthetic void access$000(com.squareup.okhttp.HttpResponseCache,java.net.CacheResponse,java.net.HttpURLConnection)
    121:121:static synthetic void access$100(com.squareup.okhttp.HttpResponseCache)
    121:121:static synthetic void access$200(com.squareup.okhttp.HttpResponseCache,com.squareup.okhttp.ResponseSource)
com.squareup.okhttp.HttpResponseCache$1
com.squareup.okhttp.HttpResponseCache$3
com.squareup.okhttp.HttpResponseCache$EntryCacheResponse:
    621:621:static synthetic com.squareup.okhttp.internal.DiskLruCache$Snapshot access$400(com.squareup.okhttp.HttpResponseCache$EntryCacheResponse)